<?xml version="1.0" encoding="UTF-8"?>
<testsuite name="TriangleTest" tests="1" skipped="0" failures="0" errors="0" timestamp="2020-12-26T06:05:01" hostname="DESKTOP-UML28IP" time="0.003">
  <properties/>
  <testcase name="Testcase1" classname="TriangleTest" time="0.003"/>
  <system-out><![CDATA[]]></system-out>
  <system-err><![CDATA[]]></system-err>
</testsuite>
